C:\USERS\YUANHUI\DESKTOP\SPH\RELEASE\SPH.EXE
C:\USERS\YUANHUI\DESKTOP\SPH\RELEASE\SPH.PDB
C:\USERS\YUANHUI\DESKTOP\SPH\SPH\RELEASE\FLUID.OBJ
C:\USERS\YUANHUI\DESKTOP\SPH\SPH\RELEASE\GEOMX.OBJ
C:\USERS\YUANHUI\DESKTOP\SPH\SPH\RELEASE\GL_HELPER.OBJ
C:\USERS\YUANHUI\DESKTOP\SPH\SPH\RELEASE\MAIN.OBJ
C:\USERS\YUANHUI\DESKTOP\SPH\SPH\RELEASE\MATRIX.OBJ
C:\USERS\YUANHUI\DESKTOP\SPH\SPH\RELEASE\MDEBUG.OBJ
C:\USERS\YUANHUI\DESKTOP\SPH\SPH\RELEASE\MTIME.OBJ
C:\USERS\YUANHUI\DESKTOP\SPH\SPH\RELEASE\POINT_SET.OBJ
C:\USERS\YUANHUI\DESKTOP\SPH\SPH\RELEASE\SPH.EXE.INTERMEDIATE.MANIFEST
C:\USERS\YUANHUI\DESKTOP\SPH\SPH\RELEASE\SPH_SIM.OBJ
C:\USERS\YUANHUI\DESKTOP\SPH\SPH\RELEASE\VC90.PDB
C:\USERS\YUANHUI\DESKTOP\SPH\SPH\RELEASE\VECTOR.OBJ
D:\CIS565_Final\SPH\Release\SPH.exe
D:\CIS565_Final\SPH\Release\SPH.pdb
D:\CIS565_Final\SPH\SPH\Release\cl.command.1.tlog
D:\CIS565_Final\SPH\SPH\Release\CL.read.1.tlog
D:\CIS565_Final\SPH\SPH\Release\CL.write.1.tlog
D:\CIS565_FINAL\SPH\SPH\RELEASE\FLUID.OBJ
D:\CIS565_Final\SPH\SPH\Release\fluid_system_host.cu.cache
D:\CIS565_Final\SPH\SPH\Release\fluid_system_host.cu.obj
D:\CIS565_FINAL\SPH\SPH\RELEASE\GEOMX.OBJ
D:\CIS565_FINAL\SPH\SPH\RELEASE\GL_HELPER.OBJ
D:\CIS565_Final\SPH\SPH\Release\link.command.1.tlog
D:\CIS565_Final\SPH\SPH\Release\link.read.1.tlog
D:\CIS565_Final\SPH\SPH\Release\link.write.1.tlog
D:\CIS565_FINAL\SPH\SPH\RELEASE\MAIN.OBJ
D:\CIS565_FINAL\SPH\SPH\RELEASE\MATRIX.OBJ
D:\CIS565_FINAL\SPH\SPH\RELEASE\MDEBUG.OBJ
D:\CIS565_Final\SPH\SPH\Release\mt.command.1.tlog
D:\CIS565_Final\SPH\SPH\Release\mt.read.1.tlog
D:\CIS565_Final\SPH\SPH\Release\mt.write.1.tlog
D:\CIS565_FINAL\SPH\SPH\RELEASE\MTIME.OBJ
D:\CIS565_FINAL\SPH\SPH\RELEASE\POINT_SET.OBJ
D:\CIS565_Final\SPH\SPH\Release\SPH.exe.intermediate.manifest
D:\CIS565_FINAL\SPH\SPH\RELEASE\SPH_SIM.OBJ
D:\CIS565_Final\SPH\SPH\Release\vc90.pdb
D:\CIS565_FINAL\SPH\SPH\RELEASE\VECTOR.OBJ
